<?xml version="1.0" encoding="UTF-8"?>
<!-- Generated by org.testng.reporters.JUnitXMLReporter -->
<testsuite hostname="Bharaths-MacBook-Air.local" ignored="0" name="AccountPage Test" tests="5" failures="0" timestamp="17 Jan 2021 15:43:21 GMT" time="29.266" errors="0">
  <testcase name="verifyAccountpageTitleTest" time="5.046" classname="com.qa.hubspot.tests.AccountsPageTest"/>
  <testcase name="VerifyAccountheaderTest" time="5.09" classname="com.qa.hubspot.tests.AccountsPageTest"/>
  <testcase name="VerifyAccountheaderSectionCountTest" time="5.055" classname="com.qa.hubspot.tests.AccountsPageTest"/>
  <testcase name="VerifyAccountHeaderSectionListTest" time="5.079" classname="com.qa.hubspot.tests.AccountsPageTest"/>
  <testcase name="searchTest" time="5.725" classname="com.qa.hubspot.tests.AccountsPageTest"/>
</testsuite> <!-- AccountPage Test -->
