<?xml version="1.0" encoding="UTF-8"?>
<!-- Generated by org.testng.reporters.JUnitXMLReporter -->
<testsuite hostname="Bharaths-MacBook-Air.local" ignored="0" name="LoginPage Test" tests="3" failures="0" timestamp="17 Jan 2021 15:42:46 GMT" time="34.517" errors="0">
  <testcase name="VerifyLoginPagetitleTest" time="10.402" classname="com.qa.hubspot.tests.LoginPageTest"/>
  <testcase name="VerifyforgotPasswordLinkTest" time="5.237" classname="com.qa.hubspot.tests.LoginPageTest"/>
  <testcase name="logintest" time="5.886" classname="com.qa.hubspot.tests.LoginPageTest"/>
</testsuite> <!-- LoginPage Test -->
